<?xml version="1.0" encoding="UTF-8"?>
<testng-results ignored="0" total="1" passed="1" failed="0" skipped="0">
  <reporter-output>
  </reporter-output>
  <suite started-at="2024-02-25T09:18:09 IST" name="Suite" finished-at="2024-02-25T09:18:09 IST" duration-ms="91">
    <groups>
    </groups>
    <test started-at="2024-02-25T09:18:09 IST" name="Test" finished-at="2024-02-25T09:18:09 IST" duration-ms="91">
      <class name="Com.birla.AppTest">
        <test-method signature="shouldAnswerWithTrue()[pri:0, instance:Com.birla.AppTest@2bfc268b]" started-at="2024-02-25T09:18:09 IST" name="shouldAnswerWithTrue" finished-at="2024-02-25T09:18:09 IST" duration-ms="15" status="PASS">
          <reporter-output>
          </reporter-output>
        </test-method> <!-- shouldAnswerWithTrue -->
      </class> <!-- Com.birla.AppTest -->
    </test> <!-- Test -->
  </suite> <!-- Suite -->
</testng-results>
